g:\motor vehicle service project\motor vehicle service win\motor ve.7fe211de\x64\debug\vc143.pdb
g:\motor vehicle service project\motor vehicle service win\motor ve.7fe211de\x64\debug\.netframework,version=v4.8.assemblyattributes.obj
g:\motor vehicle service project\motor vehicle service win\motor ve.7fe211de\x64\debug\parts.obj
g:\motor vehicle service project\motor vehicle service win\motor ve.7fe211de\x64\debug\structs.obj
g:\motor vehicle service project\motor vehicle service win\motor ve.7fe211de\x64\debug\tax.obj
g:\motor vehicle service project\motor vehicle service win\motor ve.7fe211de\x64\debug\service.obj
g:\motor vehicle service project\motor vehicle service win\motor ve.7fe211de\x64\debug\mainform.obj
g:\motor vehicle service project\motor vehicle service win\motor ve.7fe211de\x64\debug\maintenanceschedule.obj
g:\motor vehicle service project\motor vehicle service win\motor ve.7fe211de\x64\debug\admin.obj
g:\motor vehicle service project\motor vehicle service win\motor ve.7fe211de\x64\debug\temp.obj
g:\motor vehicle service project\motor vehicle service win\motor ve.7fe211de\x64\debug\uservehicle.obj
g:\motor vehicle service project\motor vehicle service win\x64\debug\componentfactory.krypton.navigator.dll
g:\motor vehicle service project\motor vehicle service win\x64\debug\componentfactory.krypton.toolkit.dll
g:\motor vehicle service project\motor vehicle service win\x64\debug\componentfactory.krypton.navigator.pdb
g:\motor vehicle service project\motor vehicle service win\x64\debug\componentfactory.krypton.toolkit.pdb
g:\motor vehicle service project\motor vehicle service win\x64\debug\motor vehicle service win.exe
g:\motor vehicle service project\motor vehicle service win\x64\debug\motor vehicle service win.pdb
g:\motor vehicle service project\motor vehicle service win\motor ve.7fe211de\x64\debug\motor ve.7fe211de.tlog\metagen.write.1.tlog
g:\motor vehicle service project\motor vehicle service win\motor ve.7fe211de\x64\debug\motor vehicle service win.res
g:\sp project\spproject\spproject\motor ve.7fe211de\x64\debug\motor vehicle service win.vcxproj.assemblyreference.cache
g:\sp project\spproject\spproject\motor ve.7fe211de\x64\debug\motor vehicle service win.vcxproj.generateresource.cache
g:\sp project\spproject\spproject\motor ve.7fe211de\x64\debug\.netframework,version=v4.8.assemblyattributes.obj
g:\sp project\spproject\spproject\motor ve.7fe211de\x64\debug\admin.obj
g:\sp project\spproject\spproject\motor ve.7fe211de\x64\debug\filehandling.obj
g:\sp project\spproject\spproject\motor ve.7fe211de\x64\debug\helperfunctions.obj
g:\sp project\spproject\spproject\motor ve.7fe211de\x64\debug\mainform.obj
g:\sp project\spproject\spproject\motor ve.7fe211de\x64\debug\maintenanceschedule.obj
g:\sp project\spproject\spproject\motor ve.7fe211de\x64\debug\myform.obj
g:\sp project\spproject\spproject\motor ve.7fe211de\x64\debug\partfile.obj
g:\sp project\spproject\spproject\motor ve.7fe211de\x64\debug\parts.obj
g:\sp project\spproject\spproject\motor ve.7fe211de\x64\debug\service.obj
g:\sp project\spproject\spproject\motor ve.7fe211de\x64\debug\structs.obj
g:\sp project\spproject\spproject\motor ve.7fe211de\x64\debug\tax.obj
g:\sp project\spproject\spproject\motor ve.7fe211de\x64\debug\temp.obj
g:\sp project\spproject\spproject\motor ve.7fe211de\x64\debug\user.obj
g:\sp project\spproject\spproject\motor ve.7fe211de\x64\debug\uservehicle.obj
g:\sp project\spproject\spproject\motor ve.7fe211de\x64\debug\motor_vehicle_service_win.maintenanceschedule.resources
g:\sp project\spproject\spproject\motor ve.7fe211de\x64\debug\motor_vehicle_service_win.parts.resources
g:\sp project\spproject\spproject\motor ve.7fe211de\x64\debug\motor_vehicle_service_win.service.resources
g:\sp project\spproject\spproject\motor ve.7fe211de\x64\debug\motor_vehicle_service_win.tax.resources
g:\sp project\spproject\spproject\motor ve.7fe211de\x64\debug\motor_vehicle_service_win.uservehicle.resources
g:\sp project\spproject\spproject\motor ve.7fe211de\x64\debug\motor vehicle service win.res
g:\sp project\spproject\spproject\motor ve.7fe211de\x64\debug\vc143.pdb
g:\sp project\spproject\spproject\x64\debug\motor vehicle service win.pdb
g:\sp project\spproject\spproject\x64\debug\motor vehicle service win.exe
g:\sp project\spproject\spproject\motor ve.7fe211de\x64\debug\motor ve.7fe211de.tlog\cl.command.1.tlog
g:\sp project\spproject\spproject\motor ve.7fe211de\x64\debug\motor ve.7fe211de.tlog\cl.items.tlog
g:\sp project\spproject\spproject\motor ve.7fe211de\x64\debug\motor ve.7fe211de.tlog\cl.read.1.tlog
g:\sp project\spproject\spproject\motor ve.7fe211de\x64\debug\motor ve.7fe211de.tlog\cl.write.1.tlog
g:\sp project\spproject\spproject\motor ve.7fe211de\x64\debug\motor ve.7fe211de.tlog\copylocal.read.1u.tlog
g:\sp project\spproject\spproject\motor ve.7fe211de\x64\debug\motor ve.7fe211de.tlog\copylocal.write.1u.tlog
g:\sp project\spproject\spproject\motor ve.7fe211de\x64\debug\motor ve.7fe211de.tlog\link.command.1.tlog
g:\sp project\spproject\spproject\motor ve.7fe211de\x64\debug\motor ve.7fe211de.tlog\link.read.1.tlog
g:\sp project\spproject\spproject\motor ve.7fe211de\x64\debug\motor ve.7fe211de.tlog\link.secondary.1.tlog
g:\sp project\spproject\spproject\motor ve.7fe211de\x64\debug\motor ve.7fe211de.tlog\link.write.1.tlog
g:\sp project\spproject\spproject\motor ve.7fe211de\x64\debug\motor ve.7fe211de.tlog\metagen.read.1.tlog
g:\sp project\spproject\spproject\motor ve.7fe211de\x64\debug\motor ve.7fe211de.tlog\metagen.write.1.tlog
g:\sp project\spproject\spproject\motor ve.7fe211de\x64\debug\motor ve.7fe211de.tlog\rc.command.1.tlog
g:\sp project\spproject\spproject\motor ve.7fe211de\x64\debug\motor ve.7fe211de.tlog\rc.read.1.tlog
g:\sp project\spproject\spproject\motor ve.7fe211de\x64\debug\motor ve.7fe211de.tlog\rc.write.1.tlog
g:\sp project\spproject\spproject\motor ve.7fe211de\x64\debug\motor ve.7fe211de.tlog\resgen.command.1.tlog
g:\sp project\spproject\spproject\motor ve.7fe211de\x64\debug\motor ve.7fe211de.tlog\resgen.read.1.tlog
g:\sp project\spproject\spproject\motor ve.7fe211de\x64\debug\motor ve.7fe211de.tlog\resgen.write.1.tlog
g:\sp project\spproject\spproject\motor ve.7fe211de\x64\debug\motor ve.7fe211de.tlog\componentfactory.krypton.navigator.dll.metagen
g:\sp project\spproject\spproject\motor ve.7fe211de\x64\debug\motor ve.7fe211de.tlog\componentfactory.krypton.toolkit.dll.metagen
